<?xml version="1.0" encoding="UTF-8" standalone="no"?><testsuite errors="0" failures="0" name="Automatización de la tarea final SauceDemo" skipped="0" tests="6" time="16.7" timestamp="2026-02-26 02:43:36"><testcase name="Realizar compra completa de forma exitosa"/><testcase name="Validar error con usuario bloqueado"/><testcase name="Validar error al omitir el código postal en checkout"/><testcase name="Validar error con credenciales incorrectas"/><testcase name="Eliminar un producto del carrito antes de la compra"/><testcase name="Verificar que el orden de los productos sea por precio de menor a mayor"/></testsuite>