<?xml version="1.0" encoding="UTF-8" standalone="no"?><testsuite errors="0" failures="0" name="Automatización de la tarea final SauceDemo - 10 Casos" skipped="0" tests="10" time="17.83" timestamp="2026-02-26 08:48:42"><testcase name="Realizar compra completa de forma exitosa"/><testcase name="Validar error con usuario bloqueado"/><testcase name="Validar error al omitir el código postal en checkout"/><testcase name="Validar error con credenciales incorrectas"/><testcase name="Eliminar un producto del carrito antes de la compra"/><testcase name="Verificar que el orden de los productos sea por precio de menor a mayor"/><testcase name="Verificar presencia de iconos de redes sociales"/><testcase name="Cerrar sesión correctamente desde el menú"/><testcase name="Validar que se puede abrir la descripción de un producto"/><testcase name="Verificar texto de copyright en el footer"/></testsuite>